TN:
SF:src/index.js
FNF:0
FNH:0
DA:1,1
DA:2,1
DA:3,1
DA:4,1
DA:5,1
DA:6,1
DA:7,1
DA:8,1
DA:9,1
DA:10,1
DA:11,1
DA:12,1
DA:13,1
DA:14,1
DA:15,1
DA:16,1
DA:17,1
DA:18,1
DA:19,1
DA:20,1
DA:21,1
LF:21
LH:21
BRDA:5,0,0,1
BRF:1
BRH:1
end_of_record
TN:
SF:src/person.js
FN:2,validate
FN:7,format
FN:16,save
FN:25,process
FNF:4
FNH:4
FNDA:6,validate
FNDA:3,format
FNDA:5,save
FNDA:3,process
DA:1,1
DA:2,1
DA:3,6
DA:4,6
DA:5,6
DA:6,1
DA:7,1
DA:8,3
DA:9,3
DA:10,3
DA:11,3
DA:12,3
DA:13,3
DA:14,3
DA:15,1
DA:16,1
DA:17,5
DA:18,3
DA:19,3
DA:20,2
DA:21,2
DA:22,2
DA:23,2
DA:24,1
DA:25,1
DA:26,3
DA:27,3
DA:28,3
DA:29,3
DA:30,3
DA:31,1
DA:32,1
DA:33,1
LF:33
LH:33
BRDA:2,0,0,6
BRDA:3,1,0,1
BRDA:4,2,0,5
BRDA:4,3,0,2
BRDA:7,4,0,3
BRDA:16,5,0,5
BRDA:17,6,0,3
BRDA:19,7,0,2
BRDA:17,8,0,12
BRDA:25,9,0,3
BRF:10
BRH:10
end_of_record
TN:
SF:src/server.js
FNF:0
FNH:0
DA:1,1
DA:2,1
DA:3,1
DA:4,1
DA:5,1
DA:6,3
DA:7,1
DA:8,1
DA:9,1
DA:10,1
DA:11,2
DA:12,2
DA:13,2
DA:14,2
DA:15,2
DA:16,2
DA:17,2
DA:18,2
DA:19,1
DA:20,1
DA:21,1
DA:22,1
DA:23,1
DA:24,1
DA:25,1
DA:26,1
DA:27,1
DA:28,1
DA:29,1
DA:30,1
DA:31,1
DA:32,1
DA:33,1
DA:34,3
DA:35,1
DA:36,1
LF:36
LH:36
BRDA:5,0,0,3
BRDA:6,1,0,1
BRDA:10,2,0,2
BRDA:18,3,0,1
BRF:4
BRH:4
end_of_record
