{"/home/jefferson/dev/metodo-tajs/modulo04-tdd-bdd/aula01-tdd/src/api.js": {"path":"/home/jefferson/dev/metodo-tajs/modulo04-tdd-bdd/aula01-tdd/src/api.js","all":false,"statementMap":{"0":{"start":{"line":1,"column":0},"end":{"line":1,"column":41}},"1":{"start":{"line":2,"column":0},"end":{"line":2,"column":35}},"2":{"start":{"line":3,"column":0},"end":{"line":3,"column":40}},"3":{"start":{"line":4,"column":0},"end":{"line":4,"column":18}},"4":{"start":{"line":5,"column":0},"end":{"line":5,"column":0}},"5":{"start":{"line":6,"column":0},"end":{"line":6,"column":0}},"6":{"start":{"line":7,"column":0},"end":{"line":7,"column":36}},"7":{"start":{"line":8,"column":0},"end":{"line":8,"column":75}},"8":{"start":{"line":9,"column":0},"end":{"line":9,"column":19}},"9":{"start":{"line":10,"column":0},"end":{"line":10,"column":53}},"10":{"start":{"line":11,"column":0},"end":{"line":11,"column":5}},"11":{"start":{"line":12,"column":0},"end":{"line":12,"column":0}},"12":{"start":{"line":13,"column":0},"end":{"line":13,"column":33}},"13":{"start":{"line":14,"column":0},"end":{"line":14,"column":28}},"14":{"start":{"line":15,"column":0},"end":{"line":15,"column":5}},"15":{"start":{"line":16,"column":0},"end":{"line":16,"column":0}},"16":{"start":{"line":17,"column":0},"end":{"line":17,"column":32}},"17":{"start":{"line":18,"column":0},"end":{"line":18,"column":22}},"18":{"start":{"line":19,"column":0},"end":{"line":19,"column":5}},"19":{"start":{"line":20,"column":0},"end":{"line":20,"column":0}},"20":{"start":{"line":21,"column":0},"end":{"line":21,"column":19}},"21":{"start":{"line":22,"column":0},"end":{"line":22,"column":23}},"22":{"start":{"line":23,"column":0},"end":{"line":23,"column":5}},"23":{"start":{"line":24,"column":0},"end":{"line":24,"column":4}},"24":{"start":{"line":25,"column":0},"end":{"line":25,"column":21}},"25":{"start":{"line":26,"column":0},"end":{"line":26,"column":0}},"26":{"start":{"line":27,"column":0},"end":{"line":27,"column":1}},"27":{"start":{"line":28,"column":0},"end":{"line":28,"column":0}},"28":{"start":{"line":29,"column":0},"end":{"line":29,"column":58}},"29":{"start":{"line":30,"column":0},"end":{"line":30,"column":9}},"30":{"start":{"line":31,"column":0},"end":{"line":31,"column":67}},"31":{"start":{"line":32,"column":0},"end":{"line":32,"column":64}},"32":{"start":{"line":33,"column":0},"end":{"line":33,"column":33}},"33":{"start":{"line":34,"column":0},"end":{"line":34,"column":24}},"34":{"start":{"line":35,"column":0},"end":{"line":35,"column":33}},"35":{"start":{"line":36,"column":0},"end":{"line":36,"column":56}},"36":{"start":{"line":37,"column":0},"end":{"line":37,"column":13}},"37":{"start":{"line":38,"column":0},"end":{"line":38,"column":37}},"38":{"start":{"line":39,"column":0},"end":{"line":39,"column":37}},"39":{"start":{"line":40,"column":0},"end":{"line":40,"column":50}},"40":{"start":{"line":41,"column":0},"end":{"line":41,"column":14}},"41":{"start":{"line":42,"column":0},"end":{"line":42,"column":48}},"42":{"start":{"line":43,"column":0},"end":{"line":43,"column":34}},"43":{"start":{"line":44,"column":0},"end":{"line":44,"column":16}},"44":{"start":{"line":45,"column":0},"end":{"line":45,"column":9}},"45":{"start":{"line":46,"column":0},"end":{"line":46,"column":4}},"46":{"start":{"line":47,"column":0},"end":{"line":47,"column":75}},"47":{"start":{"line":48,"column":0},"end":{"line":48,"column":51}},"48":{"start":{"line":49,"column":0},"end":{"line":49,"column":61}},"49":{"start":{"line":50,"column":0},"end":{"line":50,"column":53}},"50":{"start":{"line":51,"column":0},"end":{"line":51,"column":9}},"51":{"start":{"line":52,"column":0},"end":{"line":52,"column":21}},"52":{"start":{"line":53,"column":0},"end":{"line":53,"column":44}},"53":{"start":{"line":54,"column":0},"end":{"line":54,"column":37}},"54":{"start":{"line":55,"column":0},"end":{"line":55,"column":50}},"55":{"start":{"line":56,"column":0},"end":{"line":56,"column":14}},"56":{"start":{"line":57,"column":0},"end":{"line":57,"column":0}},"57":{"start":{"line":58,"column":0},"end":{"line":58,"column":48}},"58":{"start":{"line":59,"column":0},"end":{"line":59,"column":38}},"59":{"start":{"line":60,"column":0},"end":{"line":60,"column":15}},"60":{"start":{"line":61,"column":0},"end":{"line":61,"column":9}},"61":{"start":{"line":62,"column":0},"end":{"line":62,"column":31}},"62":{"start":{"line":63,"column":0},"end":{"line":63,"column":33}},"63":{"start":{"line":64,"column":0},"end":{"line":64,"column":5}},"64":{"start":{"line":65,"column":0},"end":{"line":65,"column":18}},"65":{"start":{"line":66,"column":0},"end":{"line":66,"column":2}},"66":{"start":{"line":67,"column":0},"end":{"line":67,"column":0}},"67":{"start":{"line":68,"column":0},"end":{"line":68,"column":17}}},"s":{"0":1,"1":1,"2":1,"3":1,"4":1,"5":1,"6":5,"7":5,"8":5,"9":1,"10":1,"11":4,"12":5,"13":1,"14":1,"15":3,"16":5,"17":1,"18":1,"19":2,"20":5,"21":1,"22":1,"23":1,"24":1,"25":1,"26":1,"27":1,"28":1,"29":8,"30":8,"31":5,"32":5,"33":5,"34":5,"35":5,"36":5,"37":5,"38":5,"39":5,"40":5,"41":5,"42":5,"43":5,"44":5,"45":3,"46":8,"47":3,"48":3,"49":3,"50":3,"51":8,"52":2,"53":1,"54":1,"55":1,"56":1,"57":1,"58":1,"59":1,"60":1,"61":1,"62":1,"63":1,"64":1,"65":1,"66":1,"67":1},"branchMap":{"0":{"type":"branch","line":7,"loc":{"start":{"line":7,"column":0},"end":{"line":27,"column":1}},"locations":[{"start":{"line":7,"column":0},"end":{"line":27,"column":1}}]},"1":{"type":"branch","line":9,"loc":{"start":{"line":9,"column":18},"end":{"line":11,"column":5}},"locations":[{"start":{"line":9,"column":18},"end":{"line":11,"column":5}}]},"2":{"type":"branch","line":11,"loc":{"start":{"line":11,"column":4},"end":{"line":13,"column":21}},"locations":[{"start":{"line":11,"column":4},"end":{"line":13,"column":21}}]},"3":{"type":"branch","line":13,"loc":{"start":{"line":13,"column":17},"end":{"line":13,"column":30}},"locations":[{"start":{"line":13,"column":17},"end":{"line":13,"column":30}}]},"4":{"type":"branch","line":13,"loc":{"start":{"line":13,"column":32},"end":{"line":15,"column":5}},"locations":[{"start":{"line":13,"column":32},"end":{"line":15,"column":5}}]},"5":{"type":"branch","line":15,"loc":{"start":{"line":15,"column":4},"end":{"line":17,"column":20}},"locations":[{"start":{"line":15,"column":4},"end":{"line":17,"column":20}}]},"6":{"type":"branch","line":17,"loc":{"start":{"line":17,"column":16},"end":{"line":17,"column":29}},"locations":[{"start":{"line":17,"column":16},"end":{"line":17,"column":29}}]},"7":{"type":"branch","line":17,"loc":{"start":{"line":17,"column":31},"end":{"line":19,"column":5}},"locations":[{"start":{"line":17,"column":31},"end":{"line":19,"column":5}}]},"8":{"type":"branch","line":19,"loc":{"start":{"line":19,"column":4},"end":{"line":21,"column":18}},"locations":[{"start":{"line":19,"column":4},"end":{"line":21,"column":18}}]},"9":{"type":"branch","line":21,"loc":{"start":{"line":21,"column":18},"end":{"line":27,"column":1}},"locations":[{"start":{"line":21,"column":18},"end":{"line":27,"column":1}}]},"10":{"type":"branch","line":29,"loc":{"start":{"line":29,"column":28},"end":{"line":66,"column":2}},"locations":[{"start":{"line":29,"column":28},"end":{"line":66,"column":2}}]},"11":{"type":"branch","line":31,"loc":{"start":{"line":31,"column":35},"end":{"line":31,"column":64}},"locations":[{"start":{"line":31,"column":35},"end":{"line":31,"column":64}}]},"12":{"type":"branch","line":31,"loc":{"start":{"line":31,"column":66},"end":{"line":45,"column":9}},"locations":[{"start":{"line":31,"column":66},"end":{"line":45,"column":9}}]},"13":{"type":"branch","line":45,"loc":{"start":{"line":45,"column":8},"end":{"line":47,"column":72}},"locations":[{"start":{"line":45,"column":8},"end":{"line":47,"column":72}}]},"14":{"type":"branch","line":47,"loc":{"start":{"line":47,"column":74},"end":{"line":51,"column":9}},"locations":[{"start":{"line":47,"column":74},"end":{"line":51,"column":9}}]},"15":{"type":"branch","line":52,"loc":{"start":{"line":52,"column":6},"end":{"line":64,"column":5}},"locations":[{"start":{"line":52,"column":6},"end":{"line":64,"column":5}}]},"16":{"type":"branch","line":53,"loc":{"start":{"line":53,"column":43},"end":{"line":64,"column":5}},"locations":[{"start":{"line":53,"column":43},"end":{"line":64,"column":5}}]},"17":{"type":"branch","line":64,"loc":{"start":{"line":64,"column":4},"end":{"line":66,"column":2}},"locations":[{"start":{"line":64,"column":4},"end":{"line":66,"column":2}}]},"18":{"type":"branch","line":49,"loc":{"start":{"line":49,"column":38},"end":{"line":49,"column":60}},"locations":[{"start":{"line":49,"column":38},"end":{"line":49,"column":60}}]}},"b":{"0":[5],"1":[1],"2":[4],"3":[3],"4":[1],"5":[3],"6":[2],"7":[1],"8":[2],"9":[1],"10":[8],"11":[5],"12":[5],"13":[3],"14":[3],"15":[2],"16":[1],"17":[1],"18":[6]},"fnMap":{"0":{"name":"getUserCategory","decl":{"start":{"line":7,"column":0},"end":{"line":27,"column":1}},"loc":{"start":{"line":7,"column":0},"end":{"line":27,"column":1}},"line":7}},"f":{"0":5}}
}
