TN:
SF:src/api.js
FN:7,getUserCategory
FNF:1
FNH:1
FNDA:5,getUserCategory
DA:1,1
DA:2,1
DA:3,1
DA:4,1
DA:5,1
DA:6,1
DA:7,5
DA:8,5
DA:9,5
DA:10,1
DA:11,1
DA:12,4
DA:13,5
DA:14,1
DA:15,1
DA:16,3
DA:17,5
DA:18,1
DA:19,1
DA:20,2
DA:21,5
DA:22,1
DA:23,1
DA:24,1
DA:25,1
DA:26,1
DA:27,1
DA:28,1
DA:29,1
DA:30,8
DA:31,8
DA:32,5
DA:33,5
DA:34,5
DA:35,5
DA:36,5
DA:37,5
DA:38,5
DA:39,5
DA:40,5
DA:41,5
DA:42,5
DA:43,5
DA:44,5
DA:45,5
DA:46,3
DA:47,8
DA:48,3
DA:49,3
DA:50,3
DA:51,3
DA:52,8
DA:53,2
DA:54,1
DA:55,1
DA:56,1
DA:57,1
DA:58,1
DA:59,1
DA:60,1
DA:61,1
DA:62,1
DA:63,1
DA:64,1
DA:65,1
DA:66,1
DA:67,1
DA:68,1
LF:68
LH:68
BRDA:7,0,0,5
BRDA:9,1,0,1
BRDA:11,2,0,4
BRDA:13,3,0,3
BRDA:13,4,0,1
BRDA:15,5,0,3
BRDA:17,6,0,2
BRDA:17,7,0,1
BRDA:19,8,0,2
BRDA:21,9,0,1
BRDA:29,10,0,8
BRDA:31,11,0,5
BRDA:31,12,0,5
BRDA:45,13,0,3
BRDA:47,14,0,3
BRDA:52,15,0,2
BRDA:53,16,0,1
BRDA:64,17,0,1
BRDA:49,18,0,6
BRF:19
BRH:19
end_of_record
